<?xml version="1.0" encoding="utf-8"?><testsuites><testsuite errors="0" failures="2" hostname="Yves.local" name="pytest" skipped="0" tests="6" time="201.796" timestamp="2019-09-02T16:09:46.046035"><testcase classname="test_dir.test_001_login.test_001_login.TestLogin" file="test_dir/test_001_login/test_001_login.py" line="20" name="test_normal_registered" time="38.930"></testcase><testcase classname="test_dir.test_001_login.test_001_login.TestLogin" file="test_dir/test_001_login/test_001_login.py" line="32" name="test_check_short_password" time="45.843"><failure message="assert False
 +  where False = &lt;bound method UIObjectProxy.exists of UIObjectProxy of &quot;com.klook:id/snackbar_text&quot;&gt;()
 +    where &lt;bound method UIObjectProxy.exists of UIObjectProxy of &quot;com.klook:id/snackbar_text&quot;&gt; = UIObjectProxy of &quot;com.klook:id/snackbar_text&quot;.exists
 +      where UIObjectProxy of &quot;com.klook:id/snackbar_text&quot; = &lt;bound method UIObjectProxy.wait of UIObjectProxy of &quot;com.klook:id/snackbar_text&quot;&gt;(10)
 +        where &lt;bound method UIObjectProxy.wait of UIObjectProxy of &quot;com.klook:id/snackbar_text&quot;&gt; = UIObjectProxy of &quot;com.klook:id/snackbar_text&quot;.wait
 +          where UIObjectProxy of &quot;com.klook:id/snackbar_text&quot; = &lt;common.account.Account object at 0x11d6e1d30&gt;.snack_text
 +            where &lt;common.account.Account object at 0x11d6e1d30&gt; = &lt;android_autotest.test_dir.test_001_login.test_001_login.TestLogin object at 0x11d6abe48&gt;.page_account
 +        and   10 = &lt;common.account.Account object at 0x11d6e1d30&gt;.wait
 +          where &lt;common.account.Account object at 0x11d6e1d30&gt; = &lt;android_autotest.test_dir.test_001_login.test_001_login.TestLogin object at 0x11d6abe48&gt;.page_account">self = &lt;android_autotest.test_dir.test_001_login.test_001_login.TestLogin object at 0x11d6abe48&gt;

    def test_check_short_password(self):
        &quot;&quot;&quot;
        用例名称：输入密码123456，提示密码必须在8-20位包含字母和数字
        &quot;&quot;&quot;
        self.page_menu.switch_to_account()
        self.page_account.log_out()
        mail_mix = self.page_account.create_mix_string()
        user = &quot;{email}@apptest.com&quot;.format(email=mail_mix)
        self.page_account.signup_password_check(email=user, password=AccountTest.password)
&gt;       assert self.page_account.snack_text.wait(self.page_account.wait).exists()
E       assert False
E        +  where False = &lt;bound method UIObjectProxy.exists of UIObjectProxy of &quot;com.klook:id/snackbar_text&quot;&gt;()
E        +    where &lt;bound method UIObjectProxy.exists of UIObjectProxy of &quot;com.klook:id/snackbar_text&quot;&gt; = UIObjectProxy of &quot;com.klook:id/snackbar_text&quot;.exists
E        +      where UIObjectProxy of &quot;com.klook:id/snackbar_text&quot; = &lt;bound method UIObjectProxy.wait of UIObjectProxy of &quot;com.klook:id/snackbar_text&quot;&gt;(10)
E        +        where &lt;bound method UIObjectProxy.wait of UIObjectProxy of &quot;com.klook:id/snackbar_text&quot;&gt; = UIObjectProxy of &quot;com.klook:id/snackbar_text&quot;.wait
E        +          where UIObjectProxy of &quot;com.klook:id/snackbar_text&quot; = &lt;common.account.Account object at 0x11d6e1d30&gt;.snack_text
E        +            where &lt;common.account.Account object at 0x11d6e1d30&gt; = &lt;android_autotest.test_dir.test_001_login.test_001_login.TestLogin object at 0x11d6abe48&gt;.page_account
E        +        and   10 = &lt;common.account.Account object at 0x11d6e1d30&gt;.wait
E        +          where &lt;common.account.Account object at 0x11d6e1d30&gt; = &lt;android_autotest.test_dir.test_001_login.test_001_login.TestLogin object at 0x11d6abe48&gt;.page_account

test_dir/test_001_login/test_001_login.py:42: AssertionError</failure></testcase><testcase classname="test_dir.test_001_login.test_001_login.TestLogin" file="test_dir/test_001_login/test_001_login.py" line="43" name="test_incorrect_mailbox" time="29.480"></testcase><testcase classname="test_dir.test_001_login.test_001_login.TestLogin" file="test_dir/test_001_login/test_001_login.py" line="52" name="test_repeat_registered" time="32.615"><failure message="assert False
 +  where False = &lt;bound method UIObjectProxy.exists of UIObjectProxy of &quot;com.klook:id/snackbar_text&quot;&gt;()
 +    where &lt;bound method UIObjectProxy.exists of UIObjectProxy of &quot;com.klook:id/snackbar_text&quot;&gt; = UIObjectProxy of &quot;com.klook:id/snackbar_text&quot;.exists
 +      where UIObjectProxy of &quot;com.klook:id/snackbar_text&quot; = &lt;bound method UIObjectProxy.wait of UIObjectProxy of &quot;com.klook:id/snackbar_text&quot;&gt;(10)
 +        where &lt;bound method UIObjectProxy.wait of UIObjectProxy of &quot;com.klook:id/snackbar_text&quot;&gt; = UIObjectProxy of &quot;com.klook:id/snackbar_text&quot;.wait
 +          where UIObjectProxy of &quot;com.klook:id/snackbar_text&quot; = &lt;common.account.Account object at 0x11ea9a748&gt;.snack_text
 +            where &lt;common.account.Account object at 0x11ea9a748&gt; = &lt;android_autotest.test_dir.test_001_login.test_001_login.TestLogin object at 0x11ea8f4a8&gt;.page_account
 +        and   10 = &lt;common.account.Account object at 0x11ea9a748&gt;.wait
 +          where &lt;common.account.Account object at 0x11ea9a748&gt; = &lt;android_autotest.test_dir.test_001_login.test_001_login.TestLogin object at 0x11ea8f4a8&gt;.page_account">self = &lt;android_autotest.test_dir.test_001_login.test_001_login.TestLogin object at 0x11ea8f4a8&gt;

    def test_repeat_registered(self):
        &quot;&quot;&quot;
        用例名称：输入已注册的邮箱，不可注册成功
        &quot;&quot;&quot;
        self.page_menu.switch_to_account()
        self.page_account.log_out()
        self.page_account.signup_email_check(email=AccountTest.account)
&gt;       assert self.page_account.snack_text.wait(self.page_account.wait).exists()
E       assert False
E        +  where False = &lt;bound method UIObjectProxy.exists of UIObjectProxy of &quot;com.klook:id/snackbar_text&quot;&gt;()
E        +    where &lt;bound method UIObjectProxy.exists of UIObjectProxy of &quot;com.klook:id/snackbar_text&quot;&gt; = UIObjectProxy of &quot;com.klook:id/snackbar_text&quot;.exists
E        +      where UIObjectProxy of &quot;com.klook:id/snackbar_text&quot; = &lt;bound method UIObjectProxy.wait of UIObjectProxy of &quot;com.klook:id/snackbar_text&quot;&gt;(10)
E        +        where &lt;bound method UIObjectProxy.wait of UIObjectProxy of &quot;com.klook:id/snackbar_text&quot;&gt; = UIObjectProxy of &quot;com.klook:id/snackbar_text&quot;.wait
E        +          where UIObjectProxy of &quot;com.klook:id/snackbar_text&quot; = &lt;common.account.Account object at 0x11ea9a748&gt;.snack_text
E        +            where &lt;common.account.Account object at 0x11ea9a748&gt; = &lt;android_autotest.test_dir.test_001_login.test_001_login.TestLogin object at 0x11ea8f4a8&gt;.page_account
E        +        and   10 = &lt;common.account.Account object at 0x11ea9a748&gt;.wait
E        +          where &lt;common.account.Account object at 0x11ea9a748&gt; = &lt;android_autotest.test_dir.test_001_login.test_001_login.TestLogin object at 0x11ea8f4a8&gt;.page_account

test_dir/test_001_login/test_001_login.py:60: AssertionError</failure></testcase><testcase classname="test_dir.test_001_login.test_001_login.TestLogin" file="test_dir/test_001_login/test_001_login.py" line="61" name="test_correct_login" time="23.279"></testcase><testcase classname="test_dir.test_001_login.test_001_login.TestLogin" file="test_dir/test_001_login/test_001_login.py" line="70" name="test_incorrect_login" time="29.759"></testcase></testsuite></testsuites>